REPOSITORY                TAG       IMAGE ID       CREATED              SIZE
deron73/ubuntu-tmp-file   latest    e909dc08bf43   About a minute ago   63.1MB
hello-world               latest    feb5d9fea6a5   4 months ago         13.3kB
docker-compose_pgsql1c    latest    27b9045857c9   6 months ago         265MB
docker-compose_postgres   latest    27b9045857c9   6 months ago         265MB
ubuntu                    18.04     39a8cfeef173   6 months ago         63.1MB
ubuntu                    bionic    39a8cfeef173   6 months ago         63.1MB
debian                    stretch   2c3ad12c6ecf   6 months ago         101MB

Выводы про разницу между контейнером и образом:
Образ докера являются основой контейнеров.
Образ - это упорядоченная коллекция изменений корневой файловой системы и соответствующих параметров
выполнения для использования в среде выполнения контейнера.
Образ обычно содержит объединение многоуровневых файловых систем, расположенных друг на друге.
Образ не имеет состояния и никогда не изменяется.

**Контейнер - это исполняемый (остановленный) экземпляр образа docker.**

Контейнер Docker состоит из:
- Docker образа
- Среды выполнения
- Стандартного набора инструкций
Концепция заимствована из морских контейнеров, которые определяют стандарт для доставки товаров по всему миру.
Docker определяет стандарт для отправки программного обеспечения.

(*) Взято из [Docker Glossary](https://docs.docker.com/glossary/)

Хотелось бы еще добавить, что из одного образа можно запустить множество контейнеров.
